<?xml version="1.0" encoding="UTF-8"?>
<testng-results ignored="0" total="1" passed="1" failed="0" skipped="0">
  <reporter-output>
  </reporter-output>
  <suite started-at="2024-01-12T03:26:05 EST" name="Default suite" finished-at="2024-01-12T03:26:11 EST" duration-ms="5549">
    <groups>
    </groups>
    <test started-at="2024-01-12T03:26:05 EST" name="Default test" finished-at="2024-01-12T03:26:11 EST" duration-ms="5549">
      <class name="com.qa.tn_part_one_HomePage_testCase.HomePage_Test">
        <test-method is-config="true" signature="registerSetup()[pri:0, instance:com.qa.tn_part_one_HomePage_testCase.HomePage_Test@4d5650ae]" started-at="2024-01-12T03:26:05 EST" name="registerSetup" finished-at="2024-01-12T03:26:09 EST" duration-ms="4212" status="PASS">
          <reporter-output>
          </reporter-output>
        </test-method> <!-- registerSetup -->
        <test-method signature="verifySearchWithValidProduct()[pri:0, instance:com.qa.tn_part_one_HomePage_testCase.HomePage_Test@4d5650ae]" started-at="2024-01-12T03:26:09 EST" name="verifySearchWithValidProduct" finished-at="2024-01-12T03:26:10 EST" duration-ms="1153" status="PASS">
          <reporter-output>
          </reporter-output>
        </test-method> <!-- verifySearchWithValidProduct -->
        <test-method is-config="true" signature="tearDown()[pri:0, instance:com.qa.tn_part_one_HomePage_testCase.HomePage_Test@4d5650ae]" started-at="2024-01-12T03:26:10 EST" name="tearDown" finished-at="2024-01-12T03:26:11 EST" duration-ms="147" status="PASS">
          <reporter-output>
          </reporter-output>
        </test-method> <!-- tearDown -->
      </class> <!-- com.qa.tn_part_one_HomePage_testCase.HomePage_Test -->
    </test> <!-- Default test -->
  </suite> <!-- Default suite -->
</testng-results>
